<?xml version="1.0" encoding="utf-8"?><testsuites name="pytest tests"><testsuite name="pytest" errors="0" failures="0" skipped="0" tests="8" time="2.131" timestamp="2026-06-28T13:19:08.324717+00:00" hostname="agent-env-6b2592dd-824e-4af3-9e3c-063e4279f457"><testcase classname="backend.tests.test_iteration4" name="test_health" time="0.225" /><testcase classname="backend.tests.test_iteration4" name="test_create_project_returns_uid_and_creates_sending_event" time="0.358" /><testcase classname="backend.tests.test_iteration4" name="test_project_uid_is_sequential" time="0.420" /><testcase classname="backend.tests.test_iteration4" name="test_update_project_deadline_updates_existing_sending_event_no_duplicate" time="0.352" /><testcase classname="backend.tests.test_iteration4" name="test_create_event_design_call_returns_meet_link" time="0.307" /><testcase classname="backend.tests.test_iteration4" name="test_create_event_personal_no_invitee_email" time="0.091" /><testcase classname="backend.tests.test_iteration4" name="test_list_events_window" time="0.047" /><testcase classname="backend.tests.test_iteration4" name="test_list_projects_includes_uid_and_client_name" time="0.263" /></testsuite></testsuites>