<?xml version="1.0" encoding="utf-8"?><testsuites name="pytest tests"><testsuite name="pytest" errors="0" failures="0" skipped="0" tests="9" time="1.247" timestamp="2026-06-28T08:16:50.999109+00:00" hostname="agent-env-6b2592dd-824e-4af3-9e3c-063e4279f457"><testcase classname="backend.tests.test_projects_api.TestProjectList" name="test_list_has_client_name_and_sorted" time="0.383" /><testcase classname="backend.tests.test_projects_api.TestCreateCanvasLinked" name="test_canvas_autocreated_with_gender" time="0.041" /><testcase classname="backend.tests.test_projects_api.TestGetProjectBundle" name="test_bundle_has_all_keys" time="0.040" /><testcase classname="backend.tests.test_projects_api.TestStatusUpdate" name="test_flip_to_completed" time="0.116" /><testcase classname="backend.tests.test_projects_api.TestProjectPdf" name="test_upload_pdf" time="0.219" /><testcase classname="backend.tests.test_projects_api.TestCanvasSaveLoad" name="test_save_and_get_strokes" time="0.138" /><testcase classname="backend.tests.test_projects_api.TestClientProjects" name="test_client_projects_includes_created" time="0.044" /><testcase classname="backend.tests.test_projects_api.TestNotFound" name="test_get_unknown_project_404" time="0.080" /><testcase classname="backend.tests.test_projects_api.TestNotFound" name="test_create_with_unknown_client_404" time="0.118" /></testsuite></testsuites>