<?xml version="1.0" encoding="utf-8"?><testsuites name="pytest tests"><testsuite name="pytest" errors="0" failures="0" skipped="0" tests="10" time="4.453" timestamp="2026-06-27T12:38:50.646454+00:00" hostname="agent-env-6b2592dd-824e-4af3-9e3c-063e4279f457"><testcase classname="backend.tests.test_atelier_api" name="test_root_ok" time="0.204" /><testcase classname="backend.tests.test_atelier_api" name="test_seed_idempotent" time="0.217" /><testcase classname="backend.tests.test_atelier_api" name="test_list_clients_no_underscore_id" time="0.041" /><testcase classname="backend.tests.test_atelier_api" name="test_create_and_get_client" time="0.090" /><testcase classname="backend.tests.test_atelier_api" name="test_schedule_parse_design_call_ist" time="2.399" /><testcase classname="backend.tests.test_atelier_api" name="test_create_event_returns_meet_and_reminders" time="0.047" /><testcase classname="backend.tests.test_atelier_api" name="test_list_events_range" time="0.043" /><testcase classname="backend.tests.test_atelier_api" name="test_invoice_item_crud_and_share" time="0.614" /><testcase classname="backend.tests.test_atelier_api" name="test_transcribe_silent_wav" time="0.592" /><testcase classname="backend.tests.test_atelier_api" name="test_transcribe_empty_audio_rejected" time="0.128" /></testsuite></testsuites>