<?xml version="1.0" encoding="utf-8"?><testsuites name="pytest tests"><testsuite name="pytest" errors="0" failures="0" skipped="0" tests="8" time="3.709" timestamp="2026-06-27T10:45:47.501666+00:00" hostname="agent-env-6b2592dd-824e-4af3-9e3c-063e4279f457"><testcase classname="backend.tests.test_atelier_api" name="test_root_ok" time="0.206" /><testcase classname="backend.tests.test_atelier_api" name="test_seed_idempotent" time="0.082" /><testcase classname="backend.tests.test_atelier_api" name="test_list_clients_no_underscore_id" time="0.039" /><testcase classname="backend.tests.test_atelier_api" name="test_create_and_get_client" time="0.082" /><testcase classname="backend.tests.test_atelier_api" name="test_schedule_parse_design_call_ist" time="2.586" /><testcase classname="backend.tests.test_atelier_api" name="test_create_event_returns_meet_and_reminders" time="0.053" /><testcase classname="backend.tests.test_atelier_api" name="test_list_events_range" time="0.041" /><testcase classname="backend.tests.test_atelier_api" name="test_invoice_item_crud_and_share" time="0.540" /></testsuite></testsuites>